$ /home/sahityaaryan/Desktop/works/RetailChainOS/app/routeai/node_modules/.bin/nodemon server.js
[33m[nodemon] 3.1.10[39m
[33m[nodemon] to restart at any time, enter `rs`[39m
[33m[nodemon] watching path(s): *.*[39m
[33m[nodemon] watching extensions: js,mjs,cjs,json[39m
[32m[nodemon] starting `node server.js`[39m
[dotenv@17.0.0] injecting env (7) from .env – 🔐 encrypt with dotenvx: https://dotenvx.com
RouteAI server running on http://localhost:3002
Mapbox URL: https://api.mapbox.com/directions/v5/mapbox/driving/77.5946,12.9716;77.5946,12.9716;78.4867,17.385;80.2707,13.0827?geometries=geojson&access_token=pk.eyJ1IjoidnNoYW5kaWx5YSIsImEiOiJjbWN2Zm9wYzgwM3c1MmlyOWE5YzYwZG9mIn0.Ah_xy4YTvcSiFWRixVF1gw
Mapbox response: {
  "routes": [
    {
      "weight_name": "auto",
      "weight": 75768.066,
      "duration": 70385.688,
      "distance": 1198058.875,
      "legs": [
        {
          "via_waypoints": [],
          "admins": [
            {
              "iso_3166_1_alpha3": "IND",
              "iso_3166_1": "IN"
            }
          ],
          "weight": 0,
          "duration": 0,
          "steps": [],
          "distance": 0,
          "summary": ""
        },
        {
          "notifications": [
            {
              "details": {
                "message": "The road leads through a tunnel."
              },
              "refresh_type": "static",
              "subtype": "tunnel",
              "type": "alert",
              "geometry_index_end": 152,
              "geometry_index_start": 151
            },
            {
              "details": {
                "message": "The road leads through a tunnel."
              },
              "refresh_type": "static",
              "subtype": "tunnel",
              "type": "alert",
              "geometry_index_end": 184,
              "geometry_index_start": 183
            }
          ],
          "via_waypoints": [],
          "admins": [
            {
              "iso_3166_1_alpha3": "IND",
              "iso_3166_1": "IN"
            },
            {
              "iso_3166_1_alpha3": "IND",
              "iso_3166_1": "IN"
            },
            {
              "iso_3166_1_alpha3": "IND",
              "iso_3166_1": "IN"
            }
          ],
          "weight": 36917.992,
          "duration": 31780.574,
          "steps": [],
          "distance": 569598.25,
          "summary": "Ramana Maharshi Road, NH44"
        },
        {
          "notifications": [
            {
              "details": {
                "message": "The road leads through a tunnel."
              },
              "refresh_type": "static",
              "subtype": "tunnel",
              "type": "alert",
              "geometry_index_end": 45,
              "geometry_index_start": 43
            },
            {
              "details": {
                "message": "The road leads through a tunnel."
              },
              "refresh_type": "static",
              "subtype": "tunnel",
              "type": "alert",
              "geometry_index_end": 2190,
              "geometry_index_start": 2189
            }
          ],
          "via_waypoints": [],
          "admins": [
            {
              "iso_3166_1_alpha3": "IND",
              "iso_3166_1": "IN"
            },
            {
              "iso_3166_1_alpha3": "IND",
              "iso_3166_1": "IN"
            },
            {
              "iso_3166_1_alpha3": "IND",
              "iso_3166_1": "IN"
            }
          ],
          "weight": 38850.074,
          "duration": 38605.113,
          "steps": [],
          "distance": 628460.5,
          "summary": "NAM, NH16"
        }
      ],
      "geometry": {
        "coordinates": [
          [
            77.594714,
            12.971656
          ],
          [
            77.594714,
            12.971656
          ],
          [
            77.59499,
            12.971558
          ],
          [
            77.595044,
            12.971723
          ],
          [
            77.593965,
            12.972175
          ],
          [
            77.599195,
            12.976671
          ],
          [
            77.588323,
            12.984687
          ],
          [
            77.58504,
            12.993295
          ],
          [
            77.584049,
            13.002848
          ],
          [
            77.618946,
            13.149458
          ],
          [
            77.71942,
            13.266671
          ],
          [
            77.79169,
            13.629994
          ],
          [
            77.783774,
            13.768218
          ],
          [
            77.677998,
            13.970614
          ],
          [
            77.608389,
            14.018698
          ],
          [
            77.642709,
            14.38181
          ],
          [
            77.581876,
            14.645307
          ],
          [
            77.597763,
            14.781373
          ],
          [
            77.583662,
            14.913084
          ],
          [
            77.632881,
            15.076569
          ],
          [
            77.880254,
            15.415642
          ],
          [
            78.034148,
            15.788687
          ],
          [
            78.020653,
            15.944024
          ],
          [
            77.886345,
            16.111558
          ],
          [
            77.984825,
            16.189042
          ],
          [
            77.934314,
            16.514726
          ],
          [
            77.989701,
            16.632784
          ],
          [
            78.137274,
            16.780356
          ],
          [
            78.212638,
            17.057855
          ],
          [
            78.374346,
            17.248781
          ],
          [
            78.428744,
            17.319663
          ],
          [
            78.431769,
            17.321702
          ],
          [
            78.433214,
            17.323277
          ],
          [
            78.453081,
            17.352677
          ],
          [
            78.458323,
            17.366628
          ],
          [
            78.476123,
            17.370396
          ],
          [
            78.47604,
            17.37424
          ],
          [
            78.475981,
            17.38513
          ],
          [
            78.479399,
            17.385858
          ],
          [
            78.486691,
            17.384885
          ],
          [
            78.492114,
            17.377789
          ],
          [
            78.848331,
            17.258778
          ],
          [
            79.193395,
            17.197218
          ],
          [
            79.198158,
            17.19626
          ],
          [
            79.304744,
            17.045458
          ],
          [
            79.416244,
            17.01567
          ],
          [
            79.557194,
            16.898977
          ],
          [
            79.652153,
            16.685753
          ],
          [
            79.871124,
            16.484426
          ],
          [
            79.912,
            16.465401
          ],
          [
            79.950426,
            16.355345
          ],
          [
            79.915616,
            16.208599
          ],
          [
            79.953382,
            15.861394
          ],
          [
            80.014481,
            15.735281
          ],
          [
            80.008937,
            15.728081
          ],
          [
            80.073351,
            15.510054
          ],
          [
            80.006271,
            15.246669
          ],
          [
            80.019129,
            14.917783
          ],
          [
            79.990576,
            14.875761
          ],
          [
            79.980577,
            14.553292
          ],
          [
            80.013377,
            14.46758
          ],
          [
            79.934436,
            14.380211
          ],
          [
            79.858185,
            14.168585
          ],
          [
            79.90067,
            13.914711
          ],
          [
            80.219868,
            13.145031
          ],
          [
            80.263544,
            13.114085
          ],
          [
            80.265673,
            13.11412
          ],
          [
            80.273537,
            13.103987
          ],
          [
            80.276499,
            13.081921
          ],
          [
            80.278467,
            13.082165
          ],
          [
            80.270937,
            13.080868
          ],
          [
            80.270678,
            13.082697
          ]
        ],
        "type": "LineString"
      }
    }
  ],
  "waypoints": [
    {
      "distance": 13.849,
      "name": "",
      "location": [
        77.594714,
        12.971656
      ]
    },
    {
      "distance": 13.849,
      "name": "",
      "location": [
        77.594714,
        12.971656
      ]
    },
    {
      "distance": 12.89,
      "name": "Womens College to Esamia Bazar Road",
      "location": [
        78.486691,
        17.384885
      ]
    },
    {
      "distance": 2.421,
      "name": "Raja Muthiah Road",
      "location": [
        80.270678,
        13.082697
      ]
    }
  ],
  "code": "Ok",
  "uuid": "pKt63bv4FpA5G-29kv617NK41-Ex9GN0cTxn8lQ38CMJK2BMyybhXg=="
}
